# JRE version: OpenJDK Runtime Environment (11.0.4+10) (build 11.0.4+10-b520.11)
# Java VM: OpenJDK 64-Bit Server VM (11.0.4+10-b520.11, mixed mode, sharing, tiered, compressed oops, g1 gc, windows-amd64)
Heap:
 garbage-first heap   total 262144K, used 142184K [0x00000000e0000000, 0x0000000100000000)
  region size 1024K, 119 young (121856K), 9 survivors (9216K)
 Metaspace       used 48762K, capacity 50055K, committed 50172K, reserved 299008K
  class space    used 6413K, capacity 6809K, committed 6912K, reserved 253952K
GC Heap History (10 events):
Event: 3.058 GC heap before
{Heap before GC invocations=3 (full 0):
 garbage-first heap   total 262144K, used 85041K [0x00000000e0000000, 0x0000000100000000)
  region size 1024K, 77 young (78848K), 13 survivors (13312K)
 Metaspace       used 28984K, capacity 29655K, committed 29820K, reserved 280576K
  class space    used 3984K, capacity 4194K, committed 4224K, reserved 253952K
}
Event: 3.067 GC heap after
{Heap after GC invocations=4 (full 0):
 garbage-first heap   total 262144K, used 22188K [0x00000000e0000000, 0x0000000100000000)
  region size 1024K, 5 young (5120K), 5 survivors (5120K)
 Metaspace       used 28984K, capacity 29655K, committed 29820K, reserved 280576K
  class space    used 3984K, capacity 4194K, committed 4224K, reserved 253952K
}
Event: 3.862 GC heap before
{Heap before GC invocations=4 (full 0):
 garbage-first heap   total 262144K, used 93868K [0x00000000e0000000, 0x0000000100000000)
  region size 1024K, 76 young (77824K), 5 survivors (5120K)
 Metaspace       used 35001K, capacity 35874K, committed 35964K, reserved 284672K
  class space    used 4913K, capacity 5167K, committed 5248K, reserved 253952K
}
Event: 3.874 GC heap after
{Heap after GC invocations=5 (full 0):
 garbage-first heap   total 262144K, used 26609K [0x00000000e0000000, 0x0000000100000000)
  region size 1024K, 10 young (10240K), 10 survivors (10240K)
 Metaspace       used 35001K, capacity 35874K, committed 35964K, reserved 284672K
  class space    used 4913K, capacity 5167K, committed 5248K, reserved 253952K
}
Event: 19.131 GC heap before
{Heap before GC invocations=6 (full 0):
 garbage-first heap   total 262144K, used 148465K [0x00000000e0000000, 0x0000000100000000)
  region size 1024K, 130 young (133120K), 10 survivors (10240K)
 Metaspace       used 46343K, capacity 47604K, committed 47740K, reserved 294912K
  class space    used 6334K, capacity 6729K, committed 6784K, reserved 253952K
}
Event: 19.141 GC heap after
{Heap after GC invocations=7 (full 0):
 garbage-first heap   total 262144K, used 31032K [0x00000000e0000000, 0x0000000100000000)
  region size 1024K, 10 young (10240K), 10 survivors (10240K)
 Metaspace       used 46343K, capacity 47604K, committed 47740K, reserved 294912K
  class space    used 6334K, capacity 6729K, committed 6784K, reserved 253952K
}
Event: 532.392 GC heap before
{Heap before GC invocations=7 (full 0):
 garbage-first heap   total 262144K, used 176440K [0x00000000e0000000, 0x0000000100000000)
  region size 1024K, 153 young (156672K), 10 survivors (10240K)
 Metaspace       used 47703K, capacity 48912K, committed 49020K, reserved 296960K
  class space    used 6357K, capacity 6764K, committed 6784K, reserved 253952K
}
Event: 532.398 GC heap after
{Heap after GC invocations=8 (full 0):
 garbage-first heap   total 262144K, used 31296K [0x00000000e0000000, 0x0000000100000000)
  region size 1024K, 10 young (10240K), 10 survivors (10240K)
 Metaspace       used 47703K, capacity 48912K, committed 49020K, reserved 296960K
  class space    used 6357K, capacity 6764K, committed 6784K, reserved 253952K
}
Event: 1759.773 GC heap before
{Heap before GC invocations=8 (full 0):
 garbage-first heap   total 262144K, used 176704K [0x00000000e0000000, 0x0000000100000000)
  region size 1024K, 153 young (156672K), 10 survivors (10240K)
 Metaspace       used 48718K, capacity 49991K, committed 50172K, reserved 299008K
  class space    used 6413K, capacity 6809K, committed 6912K, reserved 253952K
}
Event: 1759.950 GC heap after
{Heap after GC invocations=9 (full 0):
 garbage-first heap   total 262144K, used 30568K [0x00000000e0000000, 0x0000000100000000)
  region size 1024K, 9 young (9216K), 9 survivors (9216K)
 Metaspace       used 48718K, capacity 49991K, committed 50172K, reserved 299008K
  class space    used 6413K, capacity 6809K, committed 6912K, reserved 253952K
}

