# JRE version: OpenJDK Runtime Environment (11.0.4+10) (build 11.0.4+10-b520.11)
# Java VM: OpenJDK 64-Bit Server VM (11.0.4+10-b520.11, mixed mode, sharing, tiered, compressed oops, g1 gc, windows-amd64)
Heap:
 garbage-first heap   total 262144K, used 176824K [0x00000000e0000000, 0x0000000100000000)
  region size 1024K, 148 young (151552K), 5 survivors (5120K)
 Metaspace       used 47056K, capacity 48255K, committed 48508K, reserved 296960K
  class space    used 6372K, capacity 6751K, committed 6784K, reserved 253952K
GC Heap History (10 events):
Event: 5.104 GC heap before
{Heap before GC invocations=4 (full 0):
 garbage-first heap   total 262144K, used 112929K [0x00000000e0000000, 0x0000000100000000)
  region size 1024K, 94 young (96256K), 5 survivors (5120K)
 Metaspace       used 34810K, capacity 35645K, committed 35964K, reserved 284672K
  class space    used 4890K, capacity 5135K, committed 5248K, reserved 253952K
}
Event: 5.113 GC heap after
{Heap after GC invocations=5 (full 0):
 garbage-first heap   total 262144K, used 26578K [0x00000000e0000000, 0x0000000100000000)
  region size 1024K, 9 young (9216K), 9 survivors (9216K)
 Metaspace       used 34810K, capacity 35645K, committed 35964K, reserved 284672K
  class space    used 4890K, capacity 5135K, committed 5248K, reserved 253952K
}
Event: 5.176 GC heap before
{Heap before GC invocations=5 (full 0):
 garbage-first heap   total 262144K, used 29650K [0x00000000e0000000, 0x0000000100000000)
  region size 1024K, 13 young (13312K), 9 survivors (9216K)
 Metaspace       used 35059K, capacity 35874K, committed 35964K, reserved 284672K
  class space    used 4931K, capacity 5169K, committed 5248K, reserved 253952K
}
Event: 5.193 GC heap after
{Heap after GC invocations=6 (full 0):
 garbage-first heap   total 262144K, used 27317K [0x00000000e0000000, 0x0000000100000000)
  region size 1024K, 6 young (6144K), 6 survivors (6144K)
 Metaspace       used 35059K, capacity 35874K, committed 35964K, reserved 284672K
  class space    used 4931K, capacity 5169K, committed 5248K, reserved 253952K
}
Event: 84.949 GC heap before
{Heap before GC invocations=7 (full 0):
 garbage-first heap   total 262144K, used 139957K [0x00000000e0000000, 0x0000000100000000)
  region size 1024K, 117 young (119808K), 6 survivors (6144K)
 Metaspace       used 45901K, capacity 47110K, committed 47356K, reserved 294912K
  class space    used 6287K, capacity 6649K, committed 6656K, reserved 253952K
}
Event: 84.960 GC heap after
{Heap after GC invocations=8 (full 0):
 garbage-first heap   total 262144K, used 35812K [0x00000000e0000000, 0x0000000100000000)
  region size 1024K, 15 young (15360K), 15 survivors (15360K)
 Metaspace       used 45901K, capacity 47110K, committed 47356K, reserved 294912K
  class space    used 6287K, capacity 6649K, committed 6656K, reserved 253952K
}
Event: 4002.292 GC heap before
{Heap before GC invocations=8 (full 0):
 garbage-first heap   total 262144K, used 151524K [0x00000000e0000000, 0x0000000100000000)
  region size 1024K, 129 young (132096K), 15 survivors (15360K)
 Metaspace       used 47049K, capacity 48255K, committed 48508K, reserved 296960K
  class space    used 6372K, capacity 6751K, committed 6784K, reserved 253952K
}
Event: 4002.389 GC heap after
{Heap after GC invocations=9 (full 0):
 garbage-first heap   total 262144K, used 32126K [0x00000000e0000000, 0x0000000100000000)
  region size 1024K, 6 young (6144K), 6 survivors (6144K)
 Metaspace       used 47049K, capacity 48255K, committed 48508K, reserved 296960K
  class space    used 6372K, capacity 6751K, committed 6784K, reserved 253952K
}
Event: 8151.812 GC heap before
{Heap before GC invocations=9 (full 0):
 garbage-first heap   total 262144K, used 159102K [0x00000000e0000000, 0x0000000100000000)
  region size 1024K, 130 young (133120K), 6 survivors (6144K)
 Metaspace       used 47055K, capacity 48255K, committed 48508K, reserved 296960K
  class space    used 6372K, capacity 6751K, committed 6784K, reserved 253952K
}
Event: 8151.882 GC heap after
{Heap after GC invocations=10 (full 0):
 garbage-first heap   total 262144K, used 31416K [0x00000000e0000000, 0x0000000100000000)
  region size 1024K, 5 young (5120K), 5 survivors (5120K)
 Metaspace       used 47055K, capacity 48255K, committed 48508K, reserved 296960K
  class space    used 6372K, capacity 6751K, committed 6784K, reserved 253952K
}

